c:\users\micha\onedrive\pulpit\szkola\great_game\great_game\debug\vc142.pdb
c:\users\micha\onedrive\pulpit\szkola\great_game\great_game\debug\vc142.idb
c:\users\micha\onedrive\pulpit\szkola\great_game\great_game\debug\great_game.obj
c:\users\micha\onedrive\pulpit\szkola\great_game\great_game\debug\world.obj
c:\users\micha\onedrive\pulpit\szkola\great_game\great_game\debug\sheep.obj
c:\users\micha\onedrive\pulpit\szkola\great_game\great_game\debug\organism.obj
c:\users\micha\onedrive\pulpit\szkola\great_game\great_game\debug\game_status.obj
c:\users\micha\onedrive\pulpit\szkola\great_game\great_game\debug\hero.obj
c:\users\micha\onedrive\pulpit\szkola\great_game\great_game\debug\great_game_x86.pch
c:\users\micha\onedrive\pulpit\szkola\great_game\great_game\debug\pch.obj
c:\users\micha\onedrive\pulpit\szkola\great_game\debug\great_game.exe
c:\users\micha\onedrive\pulpit\szkola\great_game\debug\great_game.ilk
c:\users\micha\onedrive\pulpit\szkola\great_game\debug\great_game.pdb
c:\users\micha\onedrive\pulpit\szkola\great_game\great_game\debug\organism.obj.enc
c:\users\micha\onedrive\pulpit\szkola\great_game\great_game\debug\world.obj.enc
c:\users\micha\onedrive\pulpit\szkola\great_game\great_game\debug\great_game.ilk
c:\users\micha\onedrive\pulpit\szkola\great_game\great_game\debug\great_game.tlog\cl.command.1.tlog
c:\users\micha\onedrive\pulpit\szkola\great_game\great_game\debug\great_game.tlog\cl.read.1.tlog
c:\users\micha\onedrive\pulpit\szkola\great_game\great_game\debug\great_game.tlog\cl.write.1.tlog
c:\users\micha\onedrive\pulpit\szkola\great_game\great_game\debug\great_game.tlog\link.command.1.tlog
c:\users\micha\onedrive\pulpit\szkola\great_game\great_game\debug\great_game.tlog\link.delete.1.tlog
c:\users\micha\onedrive\pulpit\szkola\great_game\great_game\debug\great_game.tlog\link.read.1.tlog
c:\users\micha\onedrive\pulpit\szkola\great_game\great_game\debug\great_game.tlog\link.write.1.tlog
